Using pre-set license
Built from '2022.3/staging' branch; Version is '2022.3.56f1 (dd0c98481d00) revision 14486680'; Using compiler version '192829333'; Build Type 'Release'
OS: 'Windows 10  (10.0.19045) 64bit Professional' Language: 'ru' Physical Memory: 16333 MB
BatchMode: 1, IsHumanControllingUs: 0, StartBugReporterOnCrash: 0, Is64bit: 1, IsPro: 1

COMMAND LINE ARGUMENTS:
D:\PROGRAMS\UnityHub\2022.3.56f1\Editor\Unity.exe
-adb2
-batchMode
-noUpm
-name
AssetImportWorker7
-projectPath
C:/Users/m_a_x/source/repos/Unity/Rolling-Knight-main
-logFile
Logs/AssetImportWorker7.log
-srvPort
14042
Successfully changed project path to: C:/Users/m_a_x/source/repos/Unity/Rolling-Knight-main
C:/Users/m_a_x/source/repos/Unity/Rolling-Knight-main
[UnityMemory] Configuration Parameters - Can be set up in boot.config
    "memorysetup-bucket-allocator-granularity=16"
    "memorysetup-bucket-allocator-bucket-count=8"
    "memorysetup-bucket-allocator-block-size=33554432"
    "memorysetup-bucket-allocator-block-count=8"
    "memorysetup-main-allocator-block-size=16777216"
    "memorysetup-thread-allocator-block-size=16777216"
    "memorysetup-gfx-main-allocator-block-size=16777216"
    "memorysetup-gfx-thread-allocator-block-size=16777216"
    "memorysetup-cache-allocator-block-size=4194304"
    "memorysetup-typetree-allocator-block-size=2097152"
    "memorysetup-profiler-bucket-allocator-granularity=16"
    "memorysetup-profiler-bucket-allocator-bucket-count=8"
    "memorysetup-profiler-bucket-allocator-block-size=33554432"
    "memorysetup-profiler-bucket-allocator-block-count=8"
    "memorysetup-profiler-allocator-block-size=16777216"
    "memorysetup-profiler-editor-allocator-block-size=1048576"
    "memorysetup-temp-allocator-size-main=16777216"
    "memorysetup-job-temp-allocator-block-size=2097152"
    "memorysetup-job-temp-allocator-block-size-background=1048576"
    "memorysetup-job-temp-allocator-reduction-small-platforms=262144"
    "memorysetup-allocator-temp-initial-block-size-main=262144"
    "memorysetup-allocator-temp-initial-block-size-worker=262144"
    "memorysetup-temp-allocator-size-background-worker=32768"
    "memorysetup-temp-allocator-size-job-worker=262144"
    "memorysetup-temp-allocator-size-preload-manager=33554432"
    "memorysetup-temp-allocator-size-nav-mesh-worker=65536"
    "memorysetup-temp-allocator-size-audio-worker=65536"
    "memorysetup-temp-allocator-size-cloud-worker=32768"
    "memorysetup-temp-allocator-size-gi-baking-worker=262144"
    "memorysetup-temp-allocator-size-gfx=262144"
Player connection [26844]  Target information:

Player connection [26844]  * "[IP] 192.168.0.182 [Port] 0 [Flags] 2 [Guid] 2595448114 [EditorId] 2595448114 [Version] 1048832 [Id] WindowsEditor(7,DESKTOP-K7ASLI3) [Debug] 1 [PackageName] WindowsEditor [ProjectName] Editor" 

Player connection [26844]  * "[IP] 26.60.238.251 [Port] 0 [Flags] 2 [Guid] 2595448114 [EditorId] 2595448114 [Version] 1048832 [Id] WindowsEditor(7,DESKTOP-K7ASLI3) [Debug] 1 [PackageName] WindowsEditor [ProjectName] Editor" 

Player connection [26844]  * "[IP] 10.255.0.1 [Port] 0 [Flags] 2 [Guid] 2595448114 [EditorId] 2595448114 [Version] 1048832 [Id] WindowsEditor(7,DESKTOP-K7ASLI3) [Debug] 1 [PackageName] WindowsEditor [ProjectName] Editor" 

Player connection [26844] Host joined multi-casting on [225.0.0.222:54997]...
Player connection [26844] Host joined alternative multi-casting on [225.0.0.222:34997]...
Input System module state changed to: Initialized.
[PhysX] Initialized MultithreadedTaskDispatcher with 12 workers.
Refreshing native plugins compatible for Editor in 36.63 ms, found 4 plugins.
Preloading 0 native plugins for Editor in 0.00 ms.
Initialize engine version: 2022.3.56f1 (dd0c98481d00)
[Subsystems] Discovering subsystems at path D:/PROGRAMS/UnityHub/2022.3.56f1/Editor/Data/Resources/UnitySubsystems
[Subsystems] Discovering subsystems at path C:/Users/m_a_x/source/repos/Unity/Rolling-Knight-main/Assets
GfxDevice: creating device client; threaded=0; jobified=0
Direct3D:
    Version:  Direct3D 11.0 [level 11.1]
    Renderer: NVIDIA GeForce RTX 2060 SUPER (ID=0x1f06)
    Vendor:   NVIDIA
    VRAM:     8006 MB
    Driver:   32.0.15.6603
Initialize mono
Mono path[0] = 'D:/PROGRAMS/UnityHub/2022.3.56f1/Editor/Data/Managed'
Mono path[1] = 'D:/PROGRAMS/UnityHub/2022.3.56f1/Editor/Data/MonoBleedingEdge/lib/mono/unityjit-win32'
Mono config path = 'D:/PROGRAMS/UnityHub/2022.3.56f1/Editor/Data/MonoBleedingEdge/etc'
Using monoOptions --debugger-agent=transport=dt_socket,embedding=1,server=y,suspend=n,address=127.0.0.1:56124
Begin MonoManager ReloadAssembly
Registering precompiled unity dll's ...
Register platform support module: D:/PROGRAMS/UnityHub/2022.3.56f1/Editor/Data/PlaybackEngines/WindowsStandaloneSupport/UnityEditor.WindowsStandalone.Extensions.dll
Registered in 0.008512 seconds.
- Loaded All Assemblies, in  0.494 seconds
Native extension for WindowsStandalone target not found
Mono: successfully reloaded assembly
- Finished resetting the current domain, in  0.362 seconds
Domain Reload Profiling: 856ms
	BeginReloadAssembly (155ms)
		ExecutionOrderSort (0ms)
		DisableScriptedObjects (0ms)
		BackupInstance (0ms)
		ReleaseScriptingObjects (0ms)
		CreateAndSetChildDomain (1ms)
	RebuildCommonClasses (54ms)
	RebuildNativeTypeToScriptingClass (17ms)
	initialDomainReloadingComplete (76ms)
	LoadAllAssembliesAndSetupDomain (190ms)
		LoadAssemblies (154ms)
		RebuildTransferFunctionScriptingTraits (0ms)
		AnalyzeDomain (188ms)
			TypeCache.Refresh (186ms)
				TypeCache.ScanAssembly (170ms)
			ScanForSourceGeneratedMonoScriptInfo (0ms)
			ResolveRequiredComponents (1ms)
	FinalizeReload (362ms)
		ReleaseScriptCaches (0ms)
		RebuildScriptCaches (0ms)
		SetupLoadedEditorAssemblies (302ms)
			LogAssemblyErrors (0ms)
			InitializePlatformSupportModulesInManaged (11ms)
			SetLoadedEditorAssemblies (9ms)
			RefreshPlugins (0ms)
			BeforeProcessingInitializeOnLoad (3ms)
			ProcessInitializeOnLoadAttributes (216ms)
			ProcessInitializeOnLoadMethodAttributes (62ms)
			AfterProcessingInitializeOnLoad (0ms)
			EditorAssembliesLoaded (0ms)
		ExecutionOrderSort2 (0ms)
		AwakeInstancesAfterBackupRestoration (0ms)
========================================================================
Worker process is ready to serve import requests
Caller must complete domain reload
Begin MonoManager ReloadAssembly
- Loaded All Assemblies, in  0.844 seconds
Native extension for WindowsStandalone target not found
Mono: successfully reloaded assembly
- Finished resetting the current domain, in  0.799 seconds
Domain Reload Profiling: 1638ms
	BeginReloadAssembly (193ms)
		ExecutionOrderSort (0ms)
		DisableScriptedObjects (7ms)
		BackupInstance (0ms)
		ReleaseScriptingObjects (0ms)
		CreateAndSetChildDomain (25ms)
	RebuildCommonClasses (42ms)
	RebuildNativeTypeToScriptingClass (14ms)
	initialDomainReloadingComplete (56ms)
	LoadAllAssembliesAndSetupDomain (533ms)
		LoadAssemblies (433ms)
		RebuildTransferFunctionScriptingTraits (0ms)
		AnalyzeDomain (219ms)
			TypeCache.Refresh (184ms)
				TypeCache.ScanAssembly (168ms)
			ScanForSourceGeneratedMonoScriptInfo (27ms)
			ResolveRequiredComponents (7ms)
	FinalizeReload (800ms)
		ReleaseScriptCaches (0ms)
		RebuildScriptCaches (0ms)
		SetupLoadedEditorAssemblies (597ms)
			LogAssemblyErrors (0ms)
			InitializePlatformSupportModulesInManaged (8ms)
			SetLoadedEditorAssemblies (5ms)
			RefreshPlugins (0ms)
			BeforeProcessingInitializeOnLoad (100ms)
			ProcessInitializeOnLoadAttributes (430ms)
			ProcessInitializeOnLoadMethodAttributes (50ms)
			AfterProcessingInitializeOnLoad (4ms)
			EditorAssembliesLoaded (0ms)
		ExecutionOrderSort2 (0ms)
		AwakeInstancesAfterBackupRestoration (9ms)
Launched and connected shader compiler UnityShaderCompiler.exe after 0.06 seconds
Refreshing native plugins compatible for Editor in 11.49 ms, found 4 plugins.
Preloading 0 native plugins for Editor in 0.00 ms.
Unloading 4004 Unused Serialized files (Serialized files now loaded: 0)
Unloading 32 unused Assets / (57.1 KB). Loaded Objects now: 4474.
Memory consumption went from 139.3 MB to 139.3 MB.
Total: 3.705300 ms (FindLiveObjects: 0.338600 ms CreateObjectMapping: 0.106000 ms MarkObjects: 3.145700 ms  DeleteObjects: 0.113800 ms)

AssetImportParameters requested are different than current active one (requested -> active):
  custom:container-demuxer-ogg: 62fdf1f143b41e24485cea50d1cbac27 -> 
  custom:video-decoder-ogg-theora: a1e56fd34408186e4bbccfd4996cb3dc -> 
  custom:framework-win-MediaFoundation: 216162199b28c13a410421893ffa2e32 -> 
  custom:CustomObjectIndexerAttribute: 9a22284fe3817be447336de3de66b15e -> 
  custom:container-demuxer-webm: 4f35f7cbe854078d1ac9338744f61a02 -> 
  custom:container-muxer-webm: aa71ff27fc2769a1b78a27578f13a17b -> 
  custom:video-decoder-webm-vp8: 9c59270c3fd7afecdb556c50c9e8de78 -> 
  custom:SearchIndexIgnoredProperties: e643bd26f0fe6173181afceb89e7c659 -> 
  custom:AudioImporter_EditorPlatform: d09bf68614088b80899f8185d706f6e7 -> 
  custom:video-encoder-webm-vp8: eb34c28f22e8b96e1ab97ce403110664 -> 
  custom:audio-decoder-ogg-vorbis: bf7c407c2cedff20999df2af8eb42d56 -> 
  custom:audio-encoder-webm-vorbis: bf7c407c2cedff20999df2af8eb42d56 -> 
========================================================================
Received Import Request.
  Time since last request: 182520.890394 seconds.
  path: Assets/Tiles/BG/world_tileset_26.asset
  artifactKey: Guid(6e17918d7f0a82242ada28fd3cf1835e) Importer(815301076,1909f56bfc062723c751e8b465ee728b)
Start importing Assets/Tiles/BG/world_tileset_26.asset using Guid(6e17918d7f0a82242ada28fd3cf1835e) Importer(815301076,1909f56bfc062723c751e8b465ee728b) [PhysX] Initialized MultithreadedTaskDispatcher with 12 workers.
 -> (artifact id: '832fb9f4b4d95481550a0273abe2e807') in 0.112188 seconds
Number of updated asset objects reloaded before import = 0
Number of asset objects unloaded after import = 3
========================================================================
Received Import Request.
  Time since last request: 0.229533 seconds.
  path: Assets/Tiles/BG/world_tileset_36.asset
  artifactKey: Guid(6afff3ca26408824194c23e0ab4d0903) Importer(815301076,1909f56bfc062723c751e8b465ee728b)
Start importing Assets/Tiles/BG/world_tileset_36.asset using Guid(6afff3ca26408824194c23e0ab4d0903) Importer(815301076,1909f56bfc062723c751e8b465ee728b) [PhysX] Initialized MultithreadedTaskDispatcher with 12 workers.
 -> (artifact id: '364899e8c64193a707eed79930893325') in 0.011557 seconds
Number of updated asset objects reloaded before import = 0
Number of asset objects unloaded after import = 3
========================================================================
Received Import Request.
  Time since last request: 0.000030 seconds.
  path: Assets/Tiles/BG/world_tileset_39.asset
  artifactKey: Guid(1833d5da3041c9f46b4fb3b6b9250cd8) Importer(815301076,1909f56bfc062723c751e8b465ee728b)
Start importing Assets/Tiles/BG/world_tileset_39.asset using Guid(1833d5da3041c9f46b4fb3b6b9250cd8) Importer(815301076,1909f56bfc062723c751e8b465ee728b) [PhysX] Initialized MultithreadedTaskDispatcher with 12 workers.
 -> (artifact id: 'a20023b1e2eaa93b94c57d64360659fe') in 0.007327 seconds
Number of updated asset objects reloaded before import = 0
Number of asset objects unloaded after import = 3
========================================================================
Received Import Request.
  Time since last request: 0.030898 seconds.
  path: Assets/Tiles/BG/world_tileset_46.asset
  artifactKey: Guid(4829d96ecede7c0499dfa6d6bfe870bd) Importer(815301076,1909f56bfc062723c751e8b465ee728b)
Start importing Assets/Tiles/BG/world_tileset_46.asset using Guid(4829d96ecede7c0499dfa6d6bfe870bd) Importer(815301076,1909f56bfc062723c751e8b465ee728b) [PhysX] Initialized MultithreadedTaskDispatcher with 12 workers.
 -> (artifact id: '2272c59a37c097e4b2c62454ed1de4b5') in 0.010243 seconds
Number of updated asset objects reloaded before import = 0
Number of asset objects unloaded after import = 3
========================================================================
Received Import Request.
  Time since last request: 0.000022 seconds.
  path: Assets/Tiles/BG/world_tileset_48.asset
  artifactKey: Guid(ef8bd5884cccbbb4c83c744819347b44) Importer(815301076,1909f56bfc062723c751e8b465ee728b)
Start importing Assets/Tiles/BG/world_tileset_48.asset using Guid(ef8bd5884cccbbb4c83c744819347b44) Importer(815301076,1909f56bfc062723c751e8b465ee728b) [PhysX] Initialized MultithreadedTaskDispatcher with 12 workers.
 -> (artifact id: '7af4a4450383fb4ca208df653a588ba0') in 0.012285 seconds
Number of updated asset objects reloaded before import = 0
Number of asset objects unloaded after import = 3
========================================================================
Received Import Request.
  Time since last request: 0.284161 seconds.
  path: Assets/Tiles/BG/world_tileset_56.asset
  artifactKey: Guid(dc289cabb7170ab42913651845100c00) Importer(815301076,1909f56bfc062723c751e8b465ee728b)
Start importing Assets/Tiles/BG/world_tileset_56.asset using Guid(dc289cabb7170ab42913651845100c00) Importer(815301076,1909f56bfc062723c751e8b465ee728b) [PhysX] Initialized MultithreadedTaskDispatcher with 12 workers.
 -> (artifact id: '1c94af2c62a02aad0d2005adc4726376') in 0.019521 seconds
Number of updated asset objects reloaded before import = 0
Number of asset objects unloaded after import = 3
========================================================================
Received Import Request.
  Time since last request: 0.000026 seconds.
  path: Assets/Tiles/BG/world_tileset_60.asset
  artifactKey: Guid(760ec187065bb964a8462102c94f7e5b) Importer(815301076,1909f56bfc062723c751e8b465ee728b)
Start importing Assets/Tiles/BG/world_tileset_60.asset using Guid(760ec187065bb964a8462102c94f7e5b) Importer(815301076,1909f56bfc062723c751e8b465ee728b) [PhysX] Initialized MultithreadedTaskDispatcher with 12 workers.
 -> (artifact id: '4682f5f223a4aa423f5a98a2717ae85c') in 0.015017 seconds
Number of updated asset objects reloaded before import = 0
Number of asset objects unloaded after import = 3
========================================================================
Received Import Request.
  Time since last request: 0.000025 seconds.
  path: Assets/Tiles/BG/world_tileset_64.asset
  artifactKey: Guid(a023ee0a7915ad34280a041b02f55be3) Importer(815301076,1909f56bfc062723c751e8b465ee728b)
Start importing Assets/Tiles/BG/world_tileset_64.asset using Guid(a023ee0a7915ad34280a041b02f55be3) Importer(815301076,1909f56bfc062723c751e8b465ee728b) [PhysX] Initialized MultithreadedTaskDispatcher with 12 workers.
 -> (artifact id: '54fda3fb6c046e3c70174feb8c09515f') in 0.021020 seconds
Number of updated asset objects reloaded before import = 0
Number of asset objects unloaded after import = 3
========================================================================
Received Import Request.
  Time since last request: 0.000036 seconds.
  path: Assets/Tiles/BG/world_tileset_72.asset
  artifactKey: Guid(6214b7d22f647ba449ffbdd84a389e1a) Importer(815301076,1909f56bfc062723c751e8b465ee728b)
Start importing Assets/Tiles/BG/world_tileset_72.asset using Guid(6214b7d22f647ba449ffbdd84a389e1a) Importer(815301076,1909f56bfc062723c751e8b465ee728b) [PhysX] Initialized MultithreadedTaskDispatcher with 12 workers.
 -> (artifact id: '71a0f43d72bdb75a14c4bed1edc9948e') in 0.014704 seconds
Number of updated asset objects reloaded before import = 0
Number of asset objects unloaded after import = 3
========================================================================
Received Import Request.
  Time since last request: 0.046711 seconds.
  path: Assets/Tiles/BG/world_tileset_76.asset
  artifactKey: Guid(8511846c9d960eb46a10a0b1cbaf23b1) Importer(815301076,1909f56bfc062723c751e8b465ee728b)
Start importing Assets/Tiles/BG/world_tileset_76.asset using Guid(8511846c9d960eb46a10a0b1cbaf23b1) Importer(815301076,1909f56bfc062723c751e8b465ee728b) [PhysX] Initialized MultithreadedTaskDispatcher with 12 workers.
 -> (artifact id: 'ff2b1ccf47c4c42b66b9933658405a03') in 0.009525 seconds
Number of updated asset objects reloaded before import = 0
Number of asset objects unloaded after import = 3
========================================================================
Received Import Request.
  Time since last request: 0.000036 seconds.
  path: Assets/Tiles/BG/world_tileset_82.asset
  artifactKey: Guid(5c724405a74771d449793ef6c64363ad) Importer(815301076,1909f56bfc062723c751e8b465ee728b)
Start importing Assets/Tiles/BG/world_tileset_82.asset using Guid(5c724405a74771d449793ef6c64363ad) Importer(815301076,1909f56bfc062723c751e8b465ee728b) [PhysX] Initialized MultithreadedTaskDispatcher with 12 workers.
 -> (artifact id: '7b10f10e465c88dec0667b08bfc76b31') in 0.011873 seconds
Number of updated asset objects reloaded before import = 0
Number of asset objects unloaded after import = 3
========================================================================
Received Import Request.
  Time since last request: 43.806867 seconds.
  path: Assets/Tiles/Pallet/Light_Soil_Sample_3.asset
  artifactKey: Guid(f269eba1260f6994ab79efb1b48ac109) Importer(815301076,1909f56bfc062723c751e8b465ee728b)
Start importing Assets/Tiles/Pallet/Light_Soil_Sample_3.asset using Guid(f269eba1260f6994ab79efb1b48ac109) Importer(815301076,1909f56bfc062723c751e8b465ee728b) [PhysX] Initialized MultithreadedTaskDispatcher with 12 workers.
 -> (artifact id: '04cc137396a8cde6336f7bda5c3ff073') in 0.049906 seconds
Number of updated asset objects reloaded before import = 0
Number of asset objects unloaded after import = 3
========================================================================
Received Import Request.
  Time since last request: 0.000044 seconds.
  path: Assets/Tiles/Pallet/Light_Soil_Sample_7.asset
  artifactKey: Guid(8290e376f5ec0c74fbd18e492e580feb) Importer(815301076,1909f56bfc062723c751e8b465ee728b)
Start importing Assets/Tiles/Pallet/Light_Soil_Sample_7.asset using Guid(8290e376f5ec0c74fbd18e492e580feb) Importer(815301076,1909f56bfc062723c751e8b465ee728b) [PhysX] Initialized MultithreadedTaskDispatcher with 12 workers.
 -> (artifact id: 'a5fc17d583b87c6544d9e47bc8923c99') in 0.024979 seconds
Number of updated asset objects reloaded before import = 0
Number of asset objects unloaded after import = 3
========================================================================
Received Import Request.
  Time since last request: 0.000062 seconds.
  path: Assets/Tiles/Pallet/Light_Soil_Sample_26.asset
  artifactKey: Guid(f19b76adf3e0b6d499515b1d2b1dbebf) Importer(815301076,1909f56bfc062723c751e8b465ee728b)
Start importing Assets/Tiles/Pallet/Light_Soil_Sample_26.asset using Guid(f19b76adf3e0b6d499515b1d2b1dbebf) Importer(815301076,1909f56bfc062723c751e8b465ee728b) [PhysX] Initialized MultithreadedTaskDispatcher with 12 workers.
 -> (artifact id: 'e33bd0f01263850c8aacba144b353d7a') in 0.016792 seconds
Number of updated asset objects reloaded before import = 0
Number of asset objects unloaded after import = 3
========================================================================
Received Import Request.
  Time since last request: 0.000029 seconds.
  path: Assets/Tiles/Pallet/Light_Soil_Sample_29.asset
  artifactKey: Guid(18b2477f95b54164a9368c95da4f7e77) Importer(815301076,1909f56bfc062723c751e8b465ee728b)
Start importing Assets/Tiles/Pallet/Light_Soil_Sample_29.asset using Guid(18b2477f95b54164a9368c95da4f7e77) Importer(815301076,1909f56bfc062723c751e8b465ee728b) [PhysX] Initialized MultithreadedTaskDispatcher with 12 workers.
 -> (artifact id: '7ec969cad7dc6c337313b6184d16a67b') in 0.017885 seconds
Number of updated asset objects reloaded before import = 0
Number of asset objects unloaded after import = 3
========================================================================
Received Import Request.
  Time since last request: 0.000026 seconds.
  path: Assets/Tiles/Pallet/Light_Soil_Sample_28.asset
  artifactKey: Guid(cf75c2ca882b1f943b10442141c7c6b4) Importer(815301076,1909f56bfc062723c751e8b465ee728b)
Start importing Assets/Tiles/Pallet/Light_Soil_Sample_28.asset using Guid(cf75c2ca882b1f943b10442141c7c6b4) Importer(815301076,1909f56bfc062723c751e8b465ee728b) [PhysX] Initialized MultithreadedTaskDispatcher with 12 workers.
 -> (artifact id: 'f39ac45919d8109a6a448d4383bac6ec') in 0.016491 seconds
Number of updated asset objects reloaded before import = 0
Number of asset objects unloaded after import = 3
========================================================================
Received Import Request.
  Time since last request: 0.000024 seconds.
  path: Assets/Tiles/Pallet/Light_Soil_Sample_31.asset
  artifactKey: Guid(5aa7216e321ac9f4cba89ea0200c4964) Importer(815301076,1909f56bfc062723c751e8b465ee728b)
Start importing Assets/Tiles/Pallet/Light_Soil_Sample_31.asset using Guid(5aa7216e321ac9f4cba89ea0200c4964) Importer(815301076,1909f56bfc062723c751e8b465ee728b) [PhysX] Initialized MultithreadedTaskDispatcher with 12 workers.
 -> (artifact id: '5289bf795f64c47e91cb6791ba6738c3') in 0.024190 seconds
Number of updated asset objects reloaded before import = 0
Number of asset objects unloaded after import = 3
========================================================================
Received Import Request.
  Time since last request: 0.000029 seconds.
  path: Assets/Tiles/Pallet/Light_Soil_Sample_23.asset
  artifactKey: Guid(f9922602ad540f047a297023a0facd56) Importer(815301076,1909f56bfc062723c751e8b465ee728b)
Start importing Assets/Tiles/Pallet/Light_Soil_Sample_23.asset using Guid(f9922602ad540f047a297023a0facd56) Importer(815301076,1909f56bfc062723c751e8b465ee728b) [PhysX] Initialized MultithreadedTaskDispatcher with 12 workers.
 -> (artifact id: 'aee72f4ffb0369719859b87a1ea76b81') in 0.013880 seconds
Number of updated asset objects reloaded before import = 0
Number of asset objects unloaded after import = 3
========================================================================
Received Import Request.
  Time since last request: 0.000025 seconds.
  path: Assets/Tiles/Pallet/Light_Soil_Sample_34.asset
  artifactKey: Guid(6df9e6fd7959b0a4ea60d5afba7c0bf4) Importer(815301076,1909f56bfc062723c751e8b465ee728b)
Start importing Assets/Tiles/Pallet/Light_Soil_Sample_34.asset using Guid(6df9e6fd7959b0a4ea60d5afba7c0bf4) Importer(815301076,1909f56bfc062723c751e8b465ee728b) [PhysX] Initialized MultithreadedTaskDispatcher with 12 workers.
 -> (artifact id: 'b7489945286adb64f6da17a576e190e0') in 0.015904 seconds
Number of updated asset objects reloaded before import = 0
Number of asset objects unloaded after import = 3
========================================================================
Received Import Request.
  Time since last request: 0.000027 seconds.
  path: Assets/Tiles/Pallet/Light_Soil_Sample_18.asset
  artifactKey: Guid(3524a9487e57bf84c8d7e48cbcbbddab) Importer(815301076,1909f56bfc062723c751e8b465ee728b)
Start importing Assets/Tiles/Pallet/Light_Soil_Sample_18.asset using Guid(3524a9487e57bf84c8d7e48cbcbbddab) Importer(815301076,1909f56bfc062723c751e8b465ee728b) [PhysX] Initialized MultithreadedTaskDispatcher with 12 workers.
 -> (artifact id: '0c71acb0e35172c4094a54266a1378e0') in 0.027642 seconds
Number of updated asset objects reloaded before import = 0
Number of asset objects unloaded after import = 3
========================================================================
Received Import Request.
  Time since last request: 0.743729 seconds.
  path: Assets/Tiles/Pallet/Light_Soil_Sample_44.asset
  artifactKey: Guid(9f1dd42c0c642884888037a478c61f4c) Importer(815301076,1909f56bfc062723c751e8b465ee728b)
Start importing Assets/Tiles/Pallet/Light_Soil_Sample_44.asset using Guid(9f1dd42c0c642884888037a478c61f4c) Importer(815301076,1909f56bfc062723c751e8b465ee728b) [PhysX] Initialized MultithreadedTaskDispatcher with 12 workers.
 -> (artifact id: '14d230c13c5aac2aba756a9795ed3158') in 0.018828 seconds
Number of updated asset objects reloaded before import = 0
Number of asset objects unloaded after import = 3
========================================================================
Received Import Request.
  Time since last request: 0.000039 seconds.
  path: Assets/Tiles/Pallet/Light_Soil_Sample_46.asset
  artifactKey: Guid(33328288cc6250841a3f5d59cd801e7b) Importer(815301076,1909f56bfc062723c751e8b465ee728b)
Start importing Assets/Tiles/Pallet/Light_Soil_Sample_46.asset using Guid(33328288cc6250841a3f5d59cd801e7b) Importer(815301076,1909f56bfc062723c751e8b465ee728b) [PhysX] Initialized MultithreadedTaskDispatcher with 12 workers.
 -> (artifact id: '57edf7d611de5349eb2c75b0e276122c') in 0.015902 seconds
Number of updated asset objects reloaded before import = 0
Number of asset objects unloaded after import = 3
========================================================================
Received Import Request.
  Time since last request: 0.085175 seconds.
  path: Assets/Tiles/Pallet/Light_Soil_Sample_54.asset
  artifactKey: Guid(82bcac944d9ed314a83679b36eebdc3a) Importer(815301076,1909f56bfc062723c751e8b465ee728b)
Start importing Assets/Tiles/Pallet/Light_Soil_Sample_54.asset using Guid(82bcac944d9ed314a83679b36eebdc3a) Importer(815301076,1909f56bfc062723c751e8b465ee728b) [PhysX] Initialized MultithreadedTaskDispatcher with 12 workers.
 -> (artifact id: '4dca8670b591cef269db9f606a730e96') in 0.019277 seconds
Number of updated asset objects reloaded before import = 0
Number of asset objects unloaded after import = 3
========================================================================
Received Import Request.
  Time since last request: 0.000066 seconds.
  path: Assets/Tiles/Pallet/Light_Soil_Sample_57.asset
  artifactKey: Guid(3d7b70c0c221aec4d9a08f3c8d5e0ddf) Importer(815301076,1909f56bfc062723c751e8b465ee728b)
Start importing Assets/Tiles/Pallet/Light_Soil_Sample_57.asset using Guid(3d7b70c0c221aec4d9a08f3c8d5e0ddf) Importer(815301076,1909f56bfc062723c751e8b465ee728b) [PhysX] Initialized MultithreadedTaskDispatcher with 12 workers.
 -> (artifact id: '5a515ff4616ee2d96e4e5a04d28a53cb') in 0.014273 seconds
Number of updated asset objects reloaded before import = 0
Number of asset objects unloaded after import = 3
Editor requested this worker to shutdown with reason: Scaling down because of idle timeout
TcpMessagingSession - receive error: operation aborted. errorcode: 995, details: ќпераци€ ввода/вывода была прервана из-за завершени€ потока команд или по запросу приложени€.
AssetImportWorker is now disconnected from the server
Process exiting
Exiting without the bug reporter. Application will terminate with return code 0