Using pre-set license
Built from '2022.3/staging' branch; Version is '2022.3.56f1 (dd0c98481d00) revision 14486680'; Using compiler version '192829333'; Build Type 'Release'
OS: 'Windows 10  (10.0.19045) 64bit Professional' Language: 'ru' Physical Memory: 16333 MB
BatchMode: 1, IsHumanControllingUs: 0, StartBugReporterOnCrash: 0, Is64bit: 1, IsPro: 1

COMMAND LINE ARGUMENTS:
D:\PROGRAMS\UnityHub\2022.3.56f1\Editor\Unity.exe
-adb2
-batchMode
-noUpm
-name
AssetImportWorker5
-projectPath
C:/Users/m_a_x/source/repos/Unity/Rolling-Knight-main
-logFile
Logs/AssetImportWorker5.log
-srvPort
14042
Successfully changed project path to: C:/Users/m_a_x/source/repos/Unity/Rolling-Knight-main
C:/Users/m_a_x/source/repos/Unity/Rolling-Knight-main
[UnityMemory] Configuration Parameters - Can be set up in boot.config
    "memorysetup-bucket-allocator-granularity=16"
    "memorysetup-bucket-allocator-bucket-count=8"
    "memorysetup-bucket-allocator-block-size=33554432"
    "memorysetup-bucket-allocator-block-count=8"
    "memorysetup-main-allocator-block-size=16777216"
    "memorysetup-thread-allocator-block-size=16777216"
    "memorysetup-gfx-main-allocator-block-size=16777216"
    "memorysetup-gfx-thread-allocator-block-size=16777216"
    "memorysetup-cache-allocator-block-size=4194304"
    "memorysetup-typetree-allocator-block-size=2097152"
    "memorysetup-profiler-bucket-allocator-granularity=16"
    "memorysetup-profiler-bucket-allocator-bucket-count=8"
    "memorysetup-profiler-bucket-allocator-block-size=33554432"
    "memorysetup-profiler-bucket-allocator-block-count=8"
    "memorysetup-profiler-allocator-block-size=16777216"
    "memorysetup-profiler-editor-allocator-block-size=1048576"
    "memorysetup-temp-allocator-size-main=16777216"
    "memorysetup-job-temp-allocator-block-size=2097152"
    "memorysetup-job-temp-allocator-block-size-background=1048576"
    "memorysetup-job-temp-allocator-reduction-small-platforms=262144"
    "memorysetup-allocator-temp-initial-block-size-main=262144"
    "memorysetup-allocator-temp-initial-block-size-worker=262144"
    "memorysetup-temp-allocator-size-background-worker=32768"
    "memorysetup-temp-allocator-size-job-worker=262144"
    "memorysetup-temp-allocator-size-preload-manager=33554432"
    "memorysetup-temp-allocator-size-nav-mesh-worker=65536"
    "memorysetup-temp-allocator-size-audio-worker=65536"
    "memorysetup-temp-allocator-size-cloud-worker=32768"
    "memorysetup-temp-allocator-size-gi-baking-worker=262144"
    "memorysetup-temp-allocator-size-gfx=262144"
Player connection [22536]  Target information:

Player connection [22536]  * "[IP] 192.168.0.182 [Port] 0 [Flags] 2 [Guid] 1419444588 [EditorId] 1419444588 [Version] 1048832 [Id] WindowsEditor(7,DESKTOP-K7ASLI3) [Debug] 1 [PackageName] WindowsEditor [ProjectName] Editor" 

Player connection [22536]  * "[IP] 26.60.238.251 [Port] 0 [Flags] 2 [Guid] 1419444588 [EditorId] 1419444588 [Version] 1048832 [Id] WindowsEditor(7,DESKTOP-K7ASLI3) [Debug] 1 [PackageName] WindowsEditor [ProjectName] Editor" 

Player connection [22536]  * "[IP] 10.255.0.1 [Port] 0 [Flags] 2 [Guid] 1419444588 [EditorId] 1419444588 [Version] 1048832 [Id] WindowsEditor(7,DESKTOP-K7ASLI3) [Debug] 1 [PackageName] WindowsEditor [ProjectName] Editor" 

Player connection [22536] Host joined multi-casting on [225.0.0.222:54997]...
Player connection [22536] Host joined alternative multi-casting on [225.0.0.222:34997]...
Input System module state changed to: Initialized.
[PhysX] Initialized MultithreadedTaskDispatcher with 12 workers.
Refreshing native plugins compatible for Editor in 27.62 ms, found 4 plugins.
Preloading 0 native plugins for Editor in 0.00 ms.
Initialize engine version: 2022.3.56f1 (dd0c98481d00)
[Subsystems] Discovering subsystems at path D:/PROGRAMS/UnityHub/2022.3.56f1/Editor/Data/Resources/UnitySubsystems
[Subsystems] Discovering subsystems at path C:/Users/m_a_x/source/repos/Unity/Rolling-Knight-main/Assets
GfxDevice: creating device client; threaded=0; jobified=0
Direct3D:
    Version:  Direct3D 11.0 [level 11.1]
    Renderer: NVIDIA GeForce RTX 2060 SUPER (ID=0x1f06)
    Vendor:   NVIDIA
    VRAM:     8006 MB
    Driver:   32.0.15.6603
Initialize mono
Mono path[0] = 'D:/PROGRAMS/UnityHub/2022.3.56f1/Editor/Data/Managed'
Mono path[1] = 'D:/PROGRAMS/UnityHub/2022.3.56f1/Editor/Data/MonoBleedingEdge/lib/mono/unityjit-win32'
Mono config path = 'D:/PROGRAMS/UnityHub/2022.3.56f1/Editor/Data/MonoBleedingEdge/etc'
Using monoOptions --debugger-agent=transport=dt_socket,embedding=1,server=y,suspend=n,address=127.0.0.1:56092
Begin MonoManager ReloadAssembly
Registering precompiled unity dll's ...
Register platform support module: D:/PROGRAMS/UnityHub/2022.3.56f1/Editor/Data/PlaybackEngines/WindowsStandaloneSupport/UnityEditor.WindowsStandalone.Extensions.dll
Registered in 0.007696 seconds.
- Loaded All Assemblies, in  0.449 seconds
Native extension for WindowsStandalone target not found
Mono: successfully reloaded assembly
- Finished resetting the current domain, in  0.342 seconds
Domain Reload Profiling: 791ms
	BeginReloadAssembly (134ms)
		ExecutionOrderSort (0ms)
		DisableScriptedObjects (0ms)
		BackupInstance (0ms)
		ReleaseScriptingObjects (0ms)
		CreateAndSetChildDomain (1ms)
	RebuildCommonClasses (50ms)
	RebuildNativeTypeToScriptingClass (13ms)
	initialDomainReloadingComplete (72ms)
	LoadAllAssembliesAndSetupDomain (179ms)
		LoadAssemblies (132ms)
		RebuildTransferFunctionScriptingTraits (0ms)
		AnalyzeDomain (177ms)
			TypeCache.Refresh (176ms)
				TypeCache.ScanAssembly (160ms)
			ScanForSourceGeneratedMonoScriptInfo (0ms)
			ResolveRequiredComponents (1ms)
	FinalizeReload (343ms)
		ReleaseScriptCaches (0ms)
		RebuildScriptCaches (0ms)
		SetupLoadedEditorAssemblies (279ms)
			LogAssemblyErrors (0ms)
			InitializePlatformSupportModulesInManaged (11ms)
			SetLoadedEditorAssemblies (9ms)
			RefreshPlugins (0ms)
			BeforeProcessingInitializeOnLoad (3ms)
			ProcessInitializeOnLoadAttributes (194ms)
			ProcessInitializeOnLoadMethodAttributes (63ms)
			AfterProcessingInitializeOnLoad (0ms)
			EditorAssembliesLoaded (0ms)
		ExecutionOrderSort2 (0ms)
		AwakeInstancesAfterBackupRestoration (0ms)
========================================================================
Worker process is ready to serve import requests
Caller must complete domain reload
Begin MonoManager ReloadAssembly
- Loaded All Assemblies, in  0.889 seconds
Native extension for WindowsStandalone target not found
Mono: successfully reloaded assembly
- Finished resetting the current domain, in  0.785 seconds
Domain Reload Profiling: 1669ms
	BeginReloadAssembly (245ms)
		ExecutionOrderSort (0ms)
		DisableScriptedObjects (7ms)
		BackupInstance (0ms)
		ReleaseScriptingObjects (0ms)
		CreateAndSetChildDomain (41ms)
	RebuildCommonClasses (49ms)
	RebuildNativeTypeToScriptingClass (14ms)
	initialDomainReloadingComplete (55ms)
	LoadAllAssembliesAndSetupDomain (521ms)
		LoadAssemblies (446ms)
		RebuildTransferFunctionScriptingTraits (0ms)
		AnalyzeDomain (215ms)
			TypeCache.Refresh (175ms)
				TypeCache.ScanAssembly (159ms)
			ScanForSourceGeneratedMonoScriptInfo (31ms)
			ResolveRequiredComponents (8ms)
	FinalizeReload (785ms)
		ReleaseScriptCaches (0ms)
		RebuildScriptCaches (0ms)
		SetupLoadedEditorAssemblies (597ms)
			LogAssemblyErrors (0ms)
			InitializePlatformSupportModulesInManaged (6ms)
			SetLoadedEditorAssemblies (4ms)
			RefreshPlugins (0ms)
			BeforeProcessingInitializeOnLoad (93ms)
			ProcessInitializeOnLoadAttributes (435ms)
			ProcessInitializeOnLoadMethodAttributes (53ms)
			AfterProcessingInitializeOnLoad (6ms)
			EditorAssembliesLoaded (0ms)
		ExecutionOrderSort2 (0ms)
		AwakeInstancesAfterBackupRestoration (9ms)
Launched and connected shader compiler UnityShaderCompiler.exe after 0.06 seconds
Refreshing native plugins compatible for Editor in 10.86 ms, found 4 plugins.
Preloading 0 native plugins for Editor in 0.00 ms.
Unloading 4004 Unused Serialized files (Serialized files now loaded: 0)
Unloading 32 unused Assets / (57.1 KB). Loaded Objects now: 4474.
Memory consumption went from 139.2 MB to 139.1 MB.
Total: 3.549400 ms (FindLiveObjects: 0.317600 ms CreateObjectMapping: 0.106100 ms MarkObjects: 3.021100 ms  DeleteObjects: 0.103500 ms)

AssetImportParameters requested are different than current active one (requested -> active):
  custom:container-demuxer-ogg: 62fdf1f143b41e24485cea50d1cbac27 -> 
  custom:video-decoder-ogg-theora: a1e56fd34408186e4bbccfd4996cb3dc -> 
  custom:framework-win-MediaFoundation: 216162199b28c13a410421893ffa2e32 -> 
  custom:CustomObjectIndexerAttribute: 9a22284fe3817be447336de3de66b15e -> 
  custom:container-demuxer-webm: 4f35f7cbe854078d1ac9338744f61a02 -> 
  custom:container-muxer-webm: aa71ff27fc2769a1b78a27578f13a17b -> 
  custom:video-decoder-webm-vp8: 9c59270c3fd7afecdb556c50c9e8de78 -> 
  custom:SearchIndexIgnoredProperties: e643bd26f0fe6173181afceb89e7c659 -> 
  custom:AudioImporter_EditorPlatform: d09bf68614088b80899f8185d706f6e7 -> 
  custom:video-encoder-webm-vp8: eb34c28f22e8b96e1ab97ce403110664 -> 
  custom:audio-decoder-ogg-vorbis: bf7c407c2cedff20999df2af8eb42d56 -> 
  custom:audio-encoder-webm-vorbis: bf7c407c2cedff20999df2af8eb42d56 -> 
========================================================================
Received Prepare
Caller must complete domain reload
Begin MonoManager ReloadAssembly
- Loaded All Assemblies, in  1.554 seconds
Native extension for WindowsStandalone target not found
Mono: successfully reloaded assembly
- Finished resetting the current domain, in  1.035 seconds
Domain Reload Profiling: 2585ms
	BeginReloadAssembly (1048ms)
		ExecutionOrderSort (0ms)
		DisableScriptedObjects (857ms)
		BackupInstance (0ms)
		ReleaseScriptingObjects (0ms)
		CreateAndSetChildDomain (41ms)
	RebuildCommonClasses (54ms)
	RebuildNativeTypeToScriptingClass (17ms)
	initialDomainReloadingComplete (42ms)
	LoadAllAssembliesAndSetupDomain (388ms)
		LoadAssemblies (475ms)
		RebuildTransferFunctionScriptingTraits (0ms)
		AnalyzeDomain (20ms)
			TypeCache.Refresh (7ms)
				TypeCache.ScanAssembly (0ms)
			ScanForSourceGeneratedMonoScriptInfo (0ms)
			ResolveRequiredComponents (11ms)
	FinalizeReload (1036ms)
		ReleaseScriptCaches (0ms)
		RebuildScriptCaches (0ms)
		SetupLoadedEditorAssemblies (725ms)
			LogAssemblyErrors (0ms)
			InitializePlatformSupportModulesInManaged (8ms)
			SetLoadedEditorAssemblies (7ms)
			RefreshPlugins (0ms)
			BeforeProcessingInitializeOnLoad (149ms)
			ProcessInitializeOnLoadAttributes (501ms)
			ProcessInitializeOnLoadMethodAttributes (55ms)
			AfterProcessingInitializeOnLoad (6ms)
			EditorAssembliesLoaded (0ms)
		ExecutionOrderSort2 (0ms)
		AwakeInstancesAfterBackupRestoration (22ms)
Refreshing native plugins compatible for Editor in 18.00 ms, found 4 plugins.
Preloading 0 native plugins for Editor in 0.00 ms.
Unloading 3993 Unused Serialized files (Serialized files now loaded: 0)
Unloading 19 unused Assets / (31.1 KB). Loaded Objects now: 4479.
Memory consumption went from 137.1 MB to 137.0 MB.
Total: 5.402700 ms (FindLiveObjects: 0.364900 ms CreateObjectMapping: 0.110900 ms MarkObjects: 4.846300 ms  DeleteObjects: 0.079300 ms)

Prepare: number of updated asset objects reloaded= 0
AssetImportParameters requested are different than current active one (requested -> active):
  custom:container-demuxer-ogg: 62fdf1f143b41e24485cea50d1cbac27 -> 
  custom:video-decoder-ogg-theora: a1e56fd34408186e4bbccfd4996cb3dc -> 
  custom:framework-win-MediaFoundation: 216162199b28c13a410421893ffa2e32 -> 
  custom:CustomObjectIndexerAttribute: 9a22284fe3817be447336de3de66b15e -> 
  custom:container-demuxer-webm: 4f35f7cbe854078d1ac9338744f61a02 -> 
  custom:container-muxer-webm: aa71ff27fc2769a1b78a27578f13a17b -> 
  custom:video-decoder-webm-vp8: 9c59270c3fd7afecdb556c50c9e8de78 -> 
  custom:SearchIndexIgnoredProperties: e643bd26f0fe6173181afceb89e7c659 -> 
  custom:AudioImporter_EditorPlatform: d09bf68614088b80899f8185d706f6e7 -> 
  custom:video-encoder-webm-vp8: eb34c28f22e8b96e1ab97ce403110664 -> 
  custom:audio-decoder-ogg-vorbis: bf7c407c2cedff20999df2af8eb42d56 -> 
  custom:audio-encoder-webm-vorbis: bf7c407c2cedff20999df2af8eb42d56 -> 
========================================================================
Received Import Request.
  Time since last request: 182509.965765 seconds.
  path: Assets/Tiles/world_tileset.png
  artifactKey: Guid(734b4d143340b954c9cd1bc7bde7aba4) Importer(815301076,1909f56bfc062723c751e8b465ee728b)
Start importing Assets/Tiles/world_tileset.png using Guid(734b4d143340b954c9cd1bc7bde7aba4) Importer(815301076,1909f56bfc062723c751e8b465ee728b) [PhysX] Initialized MultithreadedTaskDispatcher with 12 workers.
[PhysX] Initialized MultithreadedTaskDispatcher with 12 workers.
 -> (artifact id: 'd965d7385350fbeaceb0dd8681f8d7d0') in 0.292000 seconds
Number of updated asset objects reloaded before import = 0
Number of asset objects unloaded after import = 85
========================================================================
Received Import Request.
  Time since last request: 2.420616 seconds.
  path: Assets/Tiles/BG/world_tileset_0 1.asset
  artifactKey: Guid(d9e506c0d9115264fa530254ba77d84c) Importer(815301076,1909f56bfc062723c751e8b465ee728b)
Start importing Assets/Tiles/BG/world_tileset_0 1.asset using Guid(d9e506c0d9115264fa530254ba77d84c) Importer(815301076,1909f56bfc062723c751e8b465ee728b) [PhysX] Initialized MultithreadedTaskDispatcher with 12 workers.
 -> (artifact id: '99ce644516fdab9e1fe5f7f0def80834') in 0.020763 seconds
Number of updated asset objects reloaded before import = 0
Number of asset objects unloaded after import = 3
========================================================================
Received Import Request.
  Time since last request: 0.001715 seconds.
  path: Assets/Tiles/BG/world_tileset_1 1.asset
  artifactKey: Guid(90bc782f18cd988469fe21455b63b031) Importer(815301076,1909f56bfc062723c751e8b465ee728b)
Start importing Assets/Tiles/BG/world_tileset_1 1.asset using Guid(90bc782f18cd988469fe21455b63b031) Importer(815301076,1909f56bfc062723c751e8b465ee728b) [PhysX] Initialized MultithreadedTaskDispatcher with 12 workers.
 -> (artifact id: 'bd2d12785fc8efe925561eb6857cf974') in 0.008935 seconds
Number of updated asset objects reloaded before import = 0
Number of asset objects unloaded after import = 3
========================================================================
Received Import Request.
  Time since last request: 0.000025 seconds.
  path: Assets/Tiles/BG/world_tileset_7 1.asset
  artifactKey: Guid(cc4f9ee16462161488dca551eb320d9b) Importer(815301076,1909f56bfc062723c751e8b465ee728b)
Start importing Assets/Tiles/BG/world_tileset_7 1.asset using Guid(cc4f9ee16462161488dca551eb320d9b) Importer(815301076,1909f56bfc062723c751e8b465ee728b) [PhysX] Initialized MultithreadedTaskDispatcher with 12 workers.
 -> (artifact id: '39b2fd0367a22d72ea668d29a2a785f7') in 0.008333 seconds
Number of updated asset objects reloaded before import = 0
Number of asset objects unloaded after import = 3
========================================================================
Received Import Request.
  Time since last request: 0.000033 seconds.
  path: Assets/Tiles/BG/world_tileset_9 1.asset
  artifactKey: Guid(bd1fbde89104e5d4e82156bd7b4a319a) Importer(815301076,1909f56bfc062723c751e8b465ee728b)
Start importing Assets/Tiles/BG/world_tileset_9 1.asset using Guid(bd1fbde89104e5d4e82156bd7b4a319a) Importer(815301076,1909f56bfc062723c751e8b465ee728b) [PhysX] Initialized MultithreadedTaskDispatcher with 12 workers.
 -> (artifact id: '3cf4eae1d37256516fb2fbcf7cd21d9b') in 0.007514 seconds
Number of updated asset objects reloaded before import = 0
Number of asset objects unloaded after import = 3
========================================================================
Received Import Request.
  Time since last request: 0.000032 seconds.
  path: Assets/Tiles/BG/world_tileset_15 1.asset
  artifactKey: Guid(202e5aaeb49b59a45b9fee3d9b31ab62) Importer(815301076,1909f56bfc062723c751e8b465ee728b)
Start importing Assets/Tiles/BG/world_tileset_15 1.asset using Guid(202e5aaeb49b59a45b9fee3d9b31ab62) Importer(815301076,1909f56bfc062723c751e8b465ee728b) [PhysX] Initialized MultithreadedTaskDispatcher with 12 workers.
 -> (artifact id: 'd6e350498a982c2fe5b201992773d11d') in 0.007652 seconds
Number of updated asset objects reloaded before import = 0
Number of asset objects unloaded after import = 3
========================================================================
Received Import Request.
  Time since last request: 0.000039 seconds.
  path: Assets/Tiles/BG/world_tileset_19 1.asset
  artifactKey: Guid(72e7c58c8ee75e647a9374bc96328ea0) Importer(815301076,1909f56bfc062723c751e8b465ee728b)
Start importing Assets/Tiles/BG/world_tileset_19 1.asset using Guid(72e7c58c8ee75e647a9374bc96328ea0) Importer(815301076,1909f56bfc062723c751e8b465ee728b) [PhysX] Initialized MultithreadedTaskDispatcher with 12 workers.
 -> (artifact id: 'd33c3548691f305ca75115ba49e142d9') in 0.009364 seconds
Number of updated asset objects reloaded before import = 0
Number of asset objects unloaded after import = 3
========================================================================
Received Import Request.
  Time since last request: 0.000024 seconds.
  path: Assets/Tiles/BG/world_tileset_5.asset
  artifactKey: Guid(38d428b297741cd40ba201cee7a19d40) Importer(815301076,1909f56bfc062723c751e8b465ee728b)
Start importing Assets/Tiles/BG/world_tileset_5.asset using Guid(38d428b297741cd40ba201cee7a19d40) Importer(815301076,1909f56bfc062723c751e8b465ee728b) [PhysX] Initialized MultithreadedTaskDispatcher with 12 workers.
 -> (artifact id: '78027d1e033fb66c127bc6605015a016') in 0.009377 seconds
Number of updated asset objects reloaded before import = 0
Number of asset objects unloaded after import = 3
========================================================================
Received Import Request.
  Time since last request: 0.000026 seconds.
  path: Assets/Tiles/BG/world_tileset_8 1.asset
  artifactKey: Guid(ed7329baf083ddf4e996c87a3eacb9fc) Importer(815301076,1909f56bfc062723c751e8b465ee728b)
Start importing Assets/Tiles/BG/world_tileset_8 1.asset using Guid(ed7329baf083ddf4e996c87a3eacb9fc) Importer(815301076,1909f56bfc062723c751e8b465ee728b) [PhysX] Initialized MultithreadedTaskDispatcher with 12 workers.
 -> (artifact id: 'ad12152236c1457dfaf0fd8d043d541f') in 0.007799 seconds
Number of updated asset objects reloaded before import = 0
Number of asset objects unloaded after import = 3
========================================================================
Received Import Request.
  Time since last request: 0.000028 seconds.
  path: Assets/Tiles/BG/world_tileset_11 1.asset
  artifactKey: Guid(ab09ce6a39c13034882f67a510d71509) Importer(815301076,1909f56bfc062723c751e8b465ee728b)
Start importing Assets/Tiles/BG/world_tileset_11 1.asset using Guid(ab09ce6a39c13034882f67a510d71509) Importer(815301076,1909f56bfc062723c751e8b465ee728b) [PhysX] Initialized MultithreadedTaskDispatcher with 12 workers.
 -> (artifact id: '96589860fa193740c385272c1797726a') in 0.009223 seconds
Number of updated asset objects reloaded before import = 0
Number of asset objects unloaded after import = 3
========================================================================
Received Import Request.
  Time since last request: 0.000027 seconds.
  path: Assets/Tiles/BG/world_tileset_2 1.asset
  artifactKey: Guid(df80df5e09901834089a4f4468406f21) Importer(815301076,1909f56bfc062723c751e8b465ee728b)
Start importing Assets/Tiles/BG/world_tileset_2 1.asset using Guid(df80df5e09901834089a4f4468406f21) Importer(815301076,1909f56bfc062723c751e8b465ee728b) [PhysX] Initialized MultithreadedTaskDispatcher with 12 workers.
 -> (artifact id: '1be67cdf7a68c9da8cfb5708418fa011') in 0.007258 seconds
Number of updated asset objects reloaded before import = 0
Number of asset objects unloaded after import = 3
========================================================================
Received Import Request.
  Time since last request: 0.000035 seconds.
  path: Assets/Tiles/BG/world_tileset_14.asset
  artifactKey: Guid(0224243f49fb8fe4c8e89fca49b86efc) Importer(815301076,1909f56bfc062723c751e8b465ee728b)
Start importing Assets/Tiles/BG/world_tileset_14.asset using Guid(0224243f49fb8fe4c8e89fca49b86efc) Importer(815301076,1909f56bfc062723c751e8b465ee728b) [PhysX] Initialized MultithreadedTaskDispatcher with 12 workers.
 -> (artifact id: 'aaf14c9f6310f42f562a3729e829d794') in 0.009252 seconds
Number of updated asset objects reloaded before import = 0
Number of asset objects unloaded after import = 3
========================================================================
Received Import Request.
  Time since last request: 0.000024 seconds.
  path: Assets/Tiles/BG/world_tileset_5 1.asset
  artifactKey: Guid(7e10bb2373763d647b7d8408613c7285) Importer(815301076,1909f56bfc062723c751e8b465ee728b)
Start importing Assets/Tiles/BG/world_tileset_5 1.asset using Guid(7e10bb2373763d647b7d8408613c7285) Importer(815301076,1909f56bfc062723c751e8b465ee728b) [PhysX] Initialized MultithreadedTaskDispatcher with 12 workers.
 -> (artifact id: 'f9f407c98f69cf1f69c92b3e27a9a9de') in 0.007315 seconds
Number of updated asset objects reloaded before import = 0
Number of asset objects unloaded after import = 3
========================================================================
Received Import Request.
  Time since last request: 0.000022 seconds.
  path: Assets/Tiles/BG/world_tileset_10.asset
  artifactKey: Guid(0da99fca8b7ce214082f57100faab37c) Importer(815301076,1909f56bfc062723c751e8b465ee728b)
Start importing Assets/Tiles/BG/world_tileset_10.asset using Guid(0da99fca8b7ce214082f57100faab37c) Importer(815301076,1909f56bfc062723c751e8b465ee728b) [PhysX] Initialized MultithreadedTaskDispatcher with 12 workers.
 -> (artifact id: 'f63aad6e83f2895932b52fa75b329b1f') in 0.006809 seconds
Number of updated asset objects reloaded before import = 0
Number of asset objects unloaded after import = 3
========================================================================
Received Import Request.
  Time since last request: 0.000025 seconds.
  path: Assets/Tiles/BG/world_tileset_7.asset
  artifactKey: Guid(c90c445d6afa69442add7a2e05237169) Importer(815301076,1909f56bfc062723c751e8b465ee728b)
Start importing Assets/Tiles/BG/world_tileset_7.asset using Guid(c90c445d6afa69442add7a2e05237169) Importer(815301076,1909f56bfc062723c751e8b465ee728b) [PhysX] Initialized MultithreadedTaskDispatcher with 12 workers.
 -> (artifact id: '7edc842e43cdb0e5b95730bb05837ac2') in 0.007949 seconds
Number of updated asset objects reloaded before import = 0
Number of asset objects unloaded after import = 3
========================================================================
Received Import Request.
  Time since last request: 0.000026 seconds.
  path: Assets/Tiles/BG/world_tileset_20.asset
  artifactKey: Guid(72cab09c60820c64eb31041a3199379a) Importer(815301076,1909f56bfc062723c751e8b465ee728b)
Start importing Assets/Tiles/BG/world_tileset_20.asset using Guid(72cab09c60820c64eb31041a3199379a) Importer(815301076,1909f56bfc062723c751e8b465ee728b) [PhysX] Initialized MultithreadedTaskDispatcher with 12 workers.
 -> (artifact id: '02dccdafaf41154eb28336355f3b100b') in 0.008477 seconds
Number of updated asset objects reloaded before import = 0
Number of asset objects unloaded after import = 3
========================================================================
Received Import Request.
  Time since last request: 0.000043 seconds.
  path: Assets/Tiles/BG/world_tileset_12 1.asset
  artifactKey: Guid(4dbda75134de62143b1966b6b55d106a) Importer(815301076,1909f56bfc062723c751e8b465ee728b)
Start importing Assets/Tiles/BG/world_tileset_12 1.asset using Guid(4dbda75134de62143b1966b6b55d106a) Importer(815301076,1909f56bfc062723c751e8b465ee728b) [PhysX] Initialized MultithreadedTaskDispatcher with 12 workers.
 -> (artifact id: 'a7293b2d047a579d29443ce34fe55bc3') in 0.008307 seconds
Number of updated asset objects reloaded before import = 0
Number of asset objects unloaded after import = 3
========================================================================
Received Import Request.
  Time since last request: 0.000024 seconds.
  path: Assets/Tiles/BG/world_tileset_15.asset
  artifactKey: Guid(d4195ef89e7a2e64ba023cc20027678a) Importer(815301076,1909f56bfc062723c751e8b465ee728b)
Start importing Assets/Tiles/BG/world_tileset_15.asset using Guid(d4195ef89e7a2e64ba023cc20027678a) Importer(815301076,1909f56bfc062723c751e8b465ee728b) [PhysX] Initialized MultithreadedTaskDispatcher with 12 workers.
 -> (artifact id: 'c8ddc74b97875e9dcecf13a52f806f83') in 0.007412 seconds
Number of updated asset objects reloaded before import = 0
Number of asset objects unloaded after import = 3
========================================================================
Received Import Request.
  Time since last request: 0.000025 seconds.
  path: Assets/Tiles/BG/world_tileset_18.asset
  artifactKey: Guid(adf3e6424dd8f6348a0352e282c0b69c) Importer(815301076,1909f56bfc062723c751e8b465ee728b)
Start importing Assets/Tiles/BG/world_tileset_18.asset using Guid(adf3e6424dd8f6348a0352e282c0b69c) Importer(815301076,1909f56bfc062723c751e8b465ee728b) [PhysX] Initialized MultithreadedTaskDispatcher with 12 workers.
 -> (artifact id: 'ad3e249f47ddad2923b6213be8b861b6') in 0.008129 seconds
Number of updated asset objects reloaded before import = 0
Number of asset objects unloaded after import = 3
========================================================================
Received Import Request.
  Time since last request: 0.000024 seconds.
  path: Assets/Tiles/BG/world_tileset_17 1.asset
  artifactKey: Guid(0d35487c73b786141a87010c890b3627) Importer(815301076,1909f56bfc062723c751e8b465ee728b)
Start importing Assets/Tiles/BG/world_tileset_17 1.asset using Guid(0d35487c73b786141a87010c890b3627) Importer(815301076,1909f56bfc062723c751e8b465ee728b) [PhysX] Initialized MultithreadedTaskDispatcher with 12 workers.
 -> (artifact id: '4664473fadd06f5b25b0d8bfd878c5bc') in 0.008362 seconds
Number of updated asset objects reloaded before import = 0
Number of asset objects unloaded after import = 3
========================================================================
Received Import Request.
  Time since last request: 0.000024 seconds.
  path: Assets/Tiles/BG/world_tileset_13.asset
  artifactKey: Guid(7f258aa6b9910e346b543be4cf4d206f) Importer(815301076,1909f56bfc062723c751e8b465ee728b)
Start importing Assets/Tiles/BG/world_tileset_13.asset using Guid(7f258aa6b9910e346b543be4cf4d206f) Importer(815301076,1909f56bfc062723c751e8b465ee728b) [PhysX] Initialized MultithreadedTaskDispatcher with 12 workers.
 -> (artifact id: 'ec5c1a8d0cc7a744ed2969c43589e21d') in 0.007493 seconds
Number of updated asset objects reloaded before import = 0
Number of asset objects unloaded after import = 3
========================================================================
Received Import Request.
  Time since last request: 8.008594 seconds.
  path: Assets/Tiles/BG/world_tileset_25.asset
  artifactKey: Guid(bab3989bb737cd646bd4fb4a37a36998) Importer(815301076,1909f56bfc062723c751e8b465ee728b)
Start importing Assets/Tiles/BG/world_tileset_25.asset using Guid(bab3989bb737cd646bd4fb4a37a36998) Importer(815301076,1909f56bfc062723c751e8b465ee728b) [PhysX] Initialized MultithreadedTaskDispatcher with 12 workers.
 -> (artifact id: '7b8c0751a3e2e854396ae2dd0986b354') in 0.007546 seconds
Number of updated asset objects reloaded before import = 0
Number of asset objects unloaded after import = 3
========================================================================
Received Import Request.
  Time since last request: 0.000027 seconds.
  path: Assets/Tiles/BG/world_tileset_28.asset
  artifactKey: Guid(922309930821e8242b10fe25f88b58ed) Importer(815301076,1909f56bfc062723c751e8b465ee728b)
Start importing Assets/Tiles/BG/world_tileset_28.asset using Guid(922309930821e8242b10fe25f88b58ed) Importer(815301076,1909f56bfc062723c751e8b465ee728b) [PhysX] Initialized MultithreadedTaskDispatcher with 12 workers.
 -> (artifact id: '5b3a5b8f27d4f34a29683f816430a5f2') in 0.008883 seconds
Number of updated asset objects reloaded before import = 0
Number of asset objects unloaded after import = 3
========================================================================
Received Import Request.
  Time since last request: 0.000034 seconds.
  path: Assets/Tiles/BG/world_tileset_27.asset
  artifactKey: Guid(b63c5486bf078a9498009d8b269d46ba) Importer(815301076,1909f56bfc062723c751e8b465ee728b)
Start importing Assets/Tiles/BG/world_tileset_27.asset using Guid(b63c5486bf078a9498009d8b269d46ba) Importer(815301076,1909f56bfc062723c751e8b465ee728b) [PhysX] Initialized MultithreadedTaskDispatcher with 12 workers.
 -> (artifact id: '47a309bad4f89665f5b3c5f394e2eb9f') in 0.008058 seconds
Number of updated asset objects reloaded before import = 0
Number of asset objects unloaded after import = 3
========================================================================
Received Import Request.
  Time since last request: 0.000035 seconds.
  path: Assets/Tiles/BG/world_tileset_31.asset
  artifactKey: Guid(70ae1d8dadacfef44a7a1b58e37cdb3b) Importer(815301076,1909f56bfc062723c751e8b465ee728b)
Start importing Assets/Tiles/BG/world_tileset_31.asset using Guid(70ae1d8dadacfef44a7a1b58e37cdb3b) Importer(815301076,1909f56bfc062723c751e8b465ee728b) [PhysX] Initialized MultithreadedTaskDispatcher with 12 workers.
 -> (artifact id: 'f8b8888f4e8aea5a95fea0469c54e3bd') in 0.009055 seconds
Number of updated asset objects reloaded before import = 0
Number of asset objects unloaded after import = 3
========================================================================
Received Import Request.
  Time since last request: 0.307913 seconds.
  path: Assets/Tiles/BG/world_tileset_35.asset
  artifactKey: Guid(ce7d5f296298c1d42985403ac09ed27b) Importer(815301076,1909f56bfc062723c751e8b465ee728b)
Start importing Assets/Tiles/BG/world_tileset_35.asset using Guid(ce7d5f296298c1d42985403ac09ed27b) Importer(815301076,1909f56bfc062723c751e8b465ee728b) [PhysX] Initialized MultithreadedTaskDispatcher with 12 workers.
 -> (artifact id: '0a9906abb687d3e41932df666c93de64') in 0.009657 seconds
Number of updated asset objects reloaded before import = 0
Number of asset objects unloaded after import = 3
========================================================================
Received Import Request.
  Time since last request: 0.000025 seconds.
  path: Assets/Tiles/BG/world_tileset_37.asset
  artifactKey: Guid(b69e493922d6e2a47b5b48c6d17a7133) Importer(815301076,1909f56bfc062723c751e8b465ee728b)
Start importing Assets/Tiles/BG/world_tileset_37.asset using Guid(b69e493922d6e2a47b5b48c6d17a7133) Importer(815301076,1909f56bfc062723c751e8b465ee728b) [PhysX] Initialized MultithreadedTaskDispatcher with 12 workers.
 -> (artifact id: 'c336a2c66ec591fa26c6f6ece9835839') in 0.013575 seconds
Number of updated asset objects reloaded before import = 0
Number of asset objects unloaded after import = 3
========================================================================
Received Import Request.
  Time since last request: 0.026360 seconds.
  path: Assets/Tiles/BG/world_tileset_45.asset
  artifactKey: Guid(e5388b93c25aace45bf29c602aeccb04) Importer(815301076,1909f56bfc062723c751e8b465ee728b)
Start importing Assets/Tiles/BG/world_tileset_45.asset using Guid(e5388b93c25aace45bf29c602aeccb04) Importer(815301076,1909f56bfc062723c751e8b465ee728b) [PhysX] Initialized MultithreadedTaskDispatcher with 12 workers.
 -> (artifact id: '0da6973805142211b8401422c390189a') in 0.009703 seconds
Number of updated asset objects reloaded before import = 0
Number of asset objects unloaded after import = 3
========================================================================
Received Import Request.
  Time since last request: 0.000097 seconds.
  path: Assets/Tiles/BG/world_tileset_51.asset
  artifactKey: Guid(02da09bec3ee4d841a592347f640d46e) Importer(815301076,1909f56bfc062723c751e8b465ee728b)
Start importing Assets/Tiles/BG/world_tileset_51.asset using Guid(02da09bec3ee4d841a592347f640d46e) Importer(815301076,1909f56bfc062723c751e8b465ee728b) [PhysX] Initialized MultithreadedTaskDispatcher with 12 workers.
 -> (artifact id: '68d636ba71ca83a9de9ba40b56bdb9f2') in 0.010233 seconds
Number of updated asset objects reloaded before import = 0
Number of asset objects unloaded after import = 3
========================================================================
Received Import Request.
  Time since last request: 0.284678 seconds.
  path: Assets/Tiles/BG/world_tileset_55.asset
  artifactKey: Guid(3963f10ff53297345842725b7c736185) Importer(815301076,1909f56bfc062723c751e8b465ee728b)
Start importing Assets/Tiles/BG/world_tileset_55.asset using Guid(3963f10ff53297345842725b7c736185) Importer(815301076,1909f56bfc062723c751e8b465ee728b) [PhysX] Initialized MultithreadedTaskDispatcher with 12 workers.
 -> (artifact id: '93530a7fad7246223c7ed9af8150a182') in 0.021122 seconds
Number of updated asset objects reloaded before import = 0
Number of asset objects unloaded after import = 3
========================================================================
Received Import Request.
  Time since last request: 0.000061 seconds.
  path: Assets/Tiles/BG/world_tileset_61.asset
  artifactKey: Guid(c294468a8514a93429a2325a70f81ca4) Importer(815301076,1909f56bfc062723c751e8b465ee728b)
Start importing Assets/Tiles/BG/world_tileset_61.asset using Guid(c294468a8514a93429a2325a70f81ca4) Importer(815301076,1909f56bfc062723c751e8b465ee728b) [PhysX] Initialized MultithreadedTaskDispatcher with 12 workers.
 -> (artifact id: 'daf58f3e86d35bf920d30fb19fe9c987') in 0.011397 seconds
Number of updated asset objects reloaded before import = 0
Number of asset objects unloaded after import = 3
========================================================================
Received Import Request.
  Time since last request: 0.001491 seconds.
  path: Assets/Tiles/BG/world_tileset_63.asset
  artifactKey: Guid(b3aa3184358ccd247a2f60e475d2169e) Importer(815301076,1909f56bfc062723c751e8b465ee728b)
Start importing Assets/Tiles/BG/world_tileset_63.asset using Guid(b3aa3184358ccd247a2f60e475d2169e) Importer(815301076,1909f56bfc062723c751e8b465ee728b) [PhysX] Initialized MultithreadedTaskDispatcher with 12 workers.
 -> (artifact id: '4136e7a9c7698e2fab28da78f44deaba') in 0.009724 seconds
Number of updated asset objects reloaded before import = 0
Number of asset objects unloaded after import = 3
========================================================================
Received Import Request.
  Time since last request: 0.000850 seconds.
  path: Assets/Tiles/BG/world_tileset_69.asset
  artifactKey: Guid(22c58a30a12e41345a0605b7f534af3f) Importer(815301076,1909f56bfc062723c751e8b465ee728b)
Start importing Assets/Tiles/BG/world_tileset_69.asset using Guid(22c58a30a12e41345a0605b7f534af3f) Importer(815301076,1909f56bfc062723c751e8b465ee728b) [PhysX] Initialized MultithreadedTaskDispatcher with 12 workers.
 -> (artifact id: '7a7b32ccc0adfab3b6f31e363b6a60f7') in 0.014308 seconds
Number of updated asset objects reloaded before import = 0
Number of asset objects unloaded after import = 3
========================================================================
Received Import Request.
  Time since last request: 0.000031 seconds.
  path: Assets/Tiles/BG/world_tileset_71.asset
  artifactKey: Guid(93251ec18d5ea5d48b5553b871631bcc) Importer(815301076,1909f56bfc062723c751e8b465ee728b)
Start importing Assets/Tiles/BG/world_tileset_71.asset using Guid(93251ec18d5ea5d48b5553b871631bcc) Importer(815301076,1909f56bfc062723c751e8b465ee728b) [PhysX] Initialized MultithreadedTaskDispatcher with 12 workers.
 -> (artifact id: '4efeae2c28229e5e52619591a42c942d') in 0.011937 seconds
Number of updated asset objects reloaded before import = 0
Number of asset objects unloaded after import = 3
========================================================================
Received Import Request.
  Time since last request: 0.044786 seconds.
  path: Assets/Tiles/BG/world_tileset_75.asset
  artifactKey: Guid(ba036c21855124741a4338ab5249b6db) Importer(815301076,1909f56bfc062723c751e8b465ee728b)
Start importing Assets/Tiles/BG/world_tileset_75.asset using Guid(ba036c21855124741a4338ab5249b6db) Importer(815301076,1909f56bfc062723c751e8b465ee728b) [PhysX] Initialized MultithreadedTaskDispatcher with 12 workers.
 -> (artifact id: 'dbeeea6ce149a8afc81424eace9536b0') in 0.009464 seconds
Number of updated asset objects reloaded before import = 0
Number of asset objects unloaded after import = 3
========================================================================
Received Import Request.
  Time since last request: 0.000020 seconds.
  path: Assets/Tiles/BG/world_tileset_79.asset
  artifactKey: Guid(44db688fefe0e5a4696c4bb5e67d45e2) Importer(815301076,1909f56bfc062723c751e8b465ee728b)
Start importing Assets/Tiles/BG/world_tileset_79.asset using Guid(44db688fefe0e5a4696c4bb5e67d45e2) Importer(815301076,1909f56bfc062723c751e8b465ee728b) [PhysX] Initialized MultithreadedTaskDispatcher with 12 workers.
 -> (artifact id: '68515986d377fc11b60698c046237580') in 0.008568 seconds
Number of updated asset objects reloaded before import = 0
Number of asset objects unloaded after import = 3
========================================================================
Received Import Request.
  Time since last request: 0.000028 seconds.
  path: Assets/Tiles/BG/world_tileset_77.asset
  artifactKey: Guid(137e539f5f4a2ee46a8504eb622d106a) Importer(815301076,1909f56bfc062723c751e8b465ee728b)
Start importing Assets/Tiles/BG/world_tileset_77.asset using Guid(137e539f5f4a2ee46a8504eb622d106a) Importer(815301076,1909f56bfc062723c751e8b465ee728b) [PhysX] Initialized MultithreadedTaskDispatcher with 12 workers.
 -> (artifact id: '161cf61f46b24289561056f63fceaccb') in 0.007050 seconds
Number of updated asset objects reloaded before import = 0
Number of asset objects unloaded after import = 3
========================================================================
Received Import Request.
  Time since last request: 43.802790 seconds.
  path: Assets/Tiles/Pallet/Light_Soil_Sample_2.asset
  artifactKey: Guid(1f2688a65828031409658468741bcfab) Importer(815301076,1909f56bfc062723c751e8b465ee728b)
Start importing Assets/Tiles/Pallet/Light_Soil_Sample_2.asset using Guid(1f2688a65828031409658468741bcfab) Importer(815301076,1909f56bfc062723c751e8b465ee728b) [PhysX] Initialized MultithreadedTaskDispatcher with 12 workers.
 -> (artifact id: '933a54c67fba894f6706576fa7510d7a') in 0.050805 seconds
Number of updated asset objects reloaded before import = 0
Number of asset objects unloaded after import = 3
========================================================================
Received Import Request.
  Time since last request: 0.000047 seconds.
  path: Assets/Tiles/Pallet/Light_Soil_Sample_20.asset
  artifactKey: Guid(999e3a14f5c122d43b9b8ff60d7cae78) Importer(815301076,1909f56bfc062723c751e8b465ee728b)
Start importing Assets/Tiles/Pallet/Light_Soil_Sample_20.asset using Guid(999e3a14f5c122d43b9b8ff60d7cae78) Importer(815301076,1909f56bfc062723c751e8b465ee728b) [PhysX] Initialized MultithreadedTaskDispatcher with 12 workers.
 -> (artifact id: '0b36df355613656085dd92ae3bffc560') in 0.024969 seconds
Number of updated asset objects reloaded before import = 0
Number of asset objects unloaded after import = 3
========================================================================
Received Import Request.
  Time since last request: 0.000053 seconds.
  path: Assets/Tiles/Pallet/Light_Soil_Sample_24.asset
  artifactKey: Guid(c0f81d7b51a98e547bc8294c216c9a9f) Importer(815301076,1909f56bfc062723c751e8b465ee728b)
Start importing Assets/Tiles/Pallet/Light_Soil_Sample_24.asset using Guid(c0f81d7b51a98e547bc8294c216c9a9f) Importer(815301076,1909f56bfc062723c751e8b465ee728b) [PhysX] Initialized MultithreadedTaskDispatcher with 12 workers.
 -> (artifact id: 'efbee9af753240869d1b82ebdc894d00') in 0.017354 seconds
Number of updated asset objects reloaded before import = 0
Number of asset objects unloaded after import = 3
========================================================================
Received Import Request.
  Time since last request: 0.000023 seconds.
  path: Assets/Tiles/Pallet/Light_Soil_Sample_39.asset
  artifactKey: Guid(c174c072904dd32499353b4984991465) Importer(815301076,1909f56bfc062723c751e8b465ee728b)
Start importing Assets/Tiles/Pallet/Light_Soil_Sample_39.asset using Guid(c174c072904dd32499353b4984991465) Importer(815301076,1909f56bfc062723c751e8b465ee728b) [PhysX] Initialized MultithreadedTaskDispatcher with 12 workers.
 -> (artifact id: 'b2655aca4bf5b7e3461b5cfa19644af5') in 0.014107 seconds
Number of updated asset objects reloaded before import = 0
Number of asset objects unloaded after import = 3
========================================================================
Received Import Request.
  Time since last request: 0.000048 seconds.
  path: Assets/Tiles/Pallet/Light_Soil_Sample_37.asset
  artifactKey: Guid(88c787a2874cb0840b8b61daacf65b06) Importer(815301076,1909f56bfc062723c751e8b465ee728b)
Start importing Assets/Tiles/Pallet/Light_Soil_Sample_37.asset using Guid(88c787a2874cb0840b8b61daacf65b06) Importer(815301076,1909f56bfc062723c751e8b465ee728b) [PhysX] Initialized MultithreadedTaskDispatcher with 12 workers.
 -> (artifact id: '8d6bb37ce4596b035c960de0808ce94e') in 0.015779 seconds
Number of updated asset objects reloaded before import = 0
Number of asset objects unloaded after import = 3
========================================================================
Received Import Request.
  Time since last request: 0.000037 seconds.
  path: Assets/Tiles/Pallet/Light_Soil_Sample_25.asset
  artifactKey: Guid(18b975cb5fa096341956c311a5e03278) Importer(815301076,1909f56bfc062723c751e8b465ee728b)
Start importing Assets/Tiles/Pallet/Light_Soil_Sample_25.asset using Guid(18b975cb5fa096341956c311a5e03278) Importer(815301076,1909f56bfc062723c751e8b465ee728b) [PhysX] Initialized MultithreadedTaskDispatcher with 12 workers.
 -> (artifact id: 'ea5dd349a2b9fe0dec854576fe5e7826') in 0.039993 seconds
Number of updated asset objects reloaded before import = 0
Number of asset objects unloaded after import = 3
========================================================================
Received Import Request.
  Time since last request: 0.000031 seconds.
  path: Assets/Tiles/Pallet/Light_Soil_Sample_13.asset
  artifactKey: Guid(93601888f44aab244904b042a6fc89c1) Importer(815301076,1909f56bfc062723c751e8b465ee728b)
Start importing Assets/Tiles/Pallet/Light_Soil_Sample_13.asset using Guid(93601888f44aab244904b042a6fc89c1) Importer(815301076,1909f56bfc062723c751e8b465ee728b) [PhysX] Initialized MultithreadedTaskDispatcher with 12 workers.
 -> (artifact id: '82e049613b5325529e31f29480988ec1') in 0.016634 seconds
Number of updated asset objects reloaded before import = 0
Number of asset objects unloaded after import = 3
========================================================================
Received Import Request.
  Time since last request: 0.000034 seconds.
  path: Assets/Tiles/Pallet/Light_Soil_Sample_5.asset
  artifactKey: Guid(0040101086d63a044ba1573fe2cf2a1c) Importer(815301076,1909f56bfc062723c751e8b465ee728b)
Start importing Assets/Tiles/Pallet/Light_Soil_Sample_5.asset using Guid(0040101086d63a044ba1573fe2cf2a1c) Importer(815301076,1909f56bfc062723c751e8b465ee728b) [PhysX] Initialized MultithreadedTaskDispatcher with 12 workers.
 -> (artifact id: '38e96bf6b806424c014ff885a3e2413c') in 0.015306 seconds
Number of updated asset objects reloaded before import = 0
Number of asset objects unloaded after import = 3
========================================================================
Received Import Request.
  Time since last request: 0.000047 seconds.
  path: Assets/Tiles/Pallet/Light_Soil_Sample_8.asset
  artifactKey: Guid(ede63559b080bbf439149b2e60696928) Importer(815301076,1909f56bfc062723c751e8b465ee728b)
Start importing Assets/Tiles/Pallet/Light_Soil_Sample_8.asset using Guid(ede63559b080bbf439149b2e60696928) Importer(815301076,1909f56bfc062723c751e8b465ee728b) [PhysX] Initialized MultithreadedTaskDispatcher with 12 workers.
 -> (artifact id: '7b8b742c26673396a9d73edab04f41ef') in 0.013187 seconds
Number of updated asset objects reloaded before import = 0
Number of asset objects unloaded after import = 3
========================================================================
Received Import Request.
  Time since last request: 0.742413 seconds.
  path: Assets/Tiles/Pallet/Light_Soil_Sample_43.asset
  artifactKey: Guid(f2caf30b0c9cc1549b4b753af652d5f7) Importer(815301076,1909f56bfc062723c751e8b465ee728b)
Start importing Assets/Tiles/Pallet/Light_Soil_Sample_43.asset using Guid(f2caf30b0c9cc1549b4b753af652d5f7) Importer(815301076,1909f56bfc062723c751e8b465ee728b) [PhysX] Initialized MultithreadedTaskDispatcher with 12 workers.
 -> (artifact id: '66df26b6185c380a54451ef64aa65f1c') in 0.019984 seconds
Number of updated asset objects reloaded before import = 0
Number of asset objects unloaded after import = 3
========================================================================
Received Import Request.
  Time since last request: 0.000033 seconds.
  path: Assets/Tiles/Pallet/Light_Soil_Sample_45.asset
  artifactKey: Guid(46343c32a86fece47a7d479b59560e76) Importer(815301076,1909f56bfc062723c751e8b465ee728b)
Start importing Assets/Tiles/Pallet/Light_Soil_Sample_45.asset using Guid(46343c32a86fece47a7d479b59560e76) Importer(815301076,1909f56bfc062723c751e8b465ee728b) [PhysX] Initialized MultithreadedTaskDispatcher with 12 workers.
 -> (artifact id: 'c47b6180850dbebb48195959ea7bb103') in 0.016854 seconds
Number of updated asset objects reloaded before import = 0
Number of asset objects unloaded after import = 3
========================================================================
Received Import Request.
  Time since last request: 0.083113 seconds.
  path: Assets/Tiles/Pallet/Light_Soil_Sample_53.asset
  artifactKey: Guid(b4c525e3c90be6b478530ed6f4354000) Importer(815301076,1909f56bfc062723c751e8b465ee728b)
Start importing Assets/Tiles/Pallet/Light_Soil_Sample_53.asset using Guid(b4c525e3c90be6b478530ed6f4354000) Importer(815301076,1909f56bfc062723c751e8b465ee728b) [PhysX] Initialized MultithreadedTaskDispatcher with 12 workers.
 -> (artifact id: 'e34df56f813a0fb8fb458e406ead7818') in 0.019736 seconds
Number of updated asset objects reloaded before import = 0
Number of asset objects unloaded after import = 3
========================================================================
Received Import Request.
  Time since last request: 0.000047 seconds.
  path: Assets/Tiles/Pallet/Light_Soil_Sample_58.asset
  artifactKey: Guid(dd48c5aeca82f5c4f8770a9da8b99a7d) Importer(815301076,1909f56bfc062723c751e8b465ee728b)
Start importing Assets/Tiles/Pallet/Light_Soil_Sample_58.asset using Guid(dd48c5aeca82f5c4f8770a9da8b99a7d) Importer(815301076,1909f56bfc062723c751e8b465ee728b) [PhysX] Initialized MultithreadedTaskDispatcher with 12 workers.
 -> (artifact id: '6ba8ffb2c947603f1bfd8d2093498864') in 0.014014 seconds
Number of updated asset objects reloaded before import = 0
Number of asset objects unloaded after import = 3
Editor requested this worker to shutdown with reason: Scaling down because of idle timeout
TcpMessagingSession - receive error: operation aborted. errorcode: 995, details: ќпераци€ ввода/вывода была прервана из-за завершени€ потока команд или по запросу приложени€.
AssetImportWorker is now disconnected from the server
Process exiting
Exiting without the bug reporter. Application will terminate with return code 0